Token START on Position: (0, 0)
Token number on Position: (0, 0)
Token : on Position: (0, 0)
Token 1 on Position: (1, 0)
Token number on Position: (0, 0)
Token : on Position: (0, 0)
Token b on Position: (2, 0)
Token number on Position: (0, 0)
Token : on Position: (0, 0)
Token c on Position: (3, 0)
Token char on Position: (0, 0)
Token : on Position: (0, 0)
Token z on Position: (10, 0)
Token BEGIN on Position: (0, 0)
Token read on Position: (0, 0)
Token . on Position: (0, 0)
Token read on Position: (0, 0)
Token . on Position: (0, 0)
Token read on Position: (0, 0)
Token . on Position: (0, 0)
Token = on Position: (0, 0)
Token 'z' on Position: (8, 0)
Token total on Position: (4, 0)
Token = on Position: (0, 0)
Token write on Position: (0, 0)
Token . on Position: (0, 0)
Token END on Position: (0, 0)
Token STOP on Position: (0, 0)
